<?xml version="1.0" encoding="UTF-8"?>
<!-- Generated by org.testng.reporters.JUnitXMLReporter -->
<testsuite hostname="DESKTOP-30S7U1C" name="HomePAGETest" tests="3" failures="0" timestamp="23 Feb 2020 17:53:10 GMT" time="18.133" errors="0">
  <testcase name="loginPageTitleTest" time="0.907" classname="com.amazon.qa.testcases.HomePageTest"/>
  <testcase name="crmLogoImageTest" time="0.148" classname="com.amazon.qa.testcases.HomePageTest"/>
  <testcase name="Login" time="1.477" classname="com.amazon.qa.testcases.HomePageTest"/>
</testsuite> <!-- HomePAGETest -->
