<?xml version="1.0" encoding="UTF-8"?>
<!-- Generated by org.testng.reporters.JUnitXMLReporter -->
<testsuite hostname="DESKTOP-30S7U1C" name="sample" tests="3" failures="0" timestamp="1 Mar 2020 10:34:29 GMT" time="47.585" errors="0">
  <testcase name="validLogin" time="0.486" classname="com.amazon.qa.testcases.userHomePageTest"/>
  <testcase name="SearchItems" time="13.325" classname="com.amazon.qa.testcases.userHomePageTest"/>
  <testcase name="addItemToCart" time="0.719" classname="com.amazon.qa.testcases.userHomePageTest"/>
</testsuite> <!-- sample -->
