<?xml version="1.0" encoding="UTF-8"?>
<!-- Generated by org.testng.reporters.JUnitXMLReporter -->
<testsuite hostname="DESKTOP-30S7U1C" name="Test" tests="3" failures="0" timestamp="23 Feb 2020 17:02:17 GMT" time="28.965" errors="0">
  <testcase name="validLogin" time="0.843" classname="com.amazon.qa.testcases.userHomePageTest"/>
  <testcase name="select" time="0.767" classname="com.amazon.qa.testcases.userHomePageTest"/>
  <testcase name="imgDisplayed" time="5.599" classname="com.amazon.qa.testcases.userHomePageTest"/>
</testsuite> <!-- Test -->
