<?xml version="1.0" encoding="UTF-8"?>
<!-- Generated by org.testng.reporters.JUnitXMLReporter -->
<testsuite hostname="DESKTOP-30S7U1C" name="UserHomePAGETest" tests="4" failures="0" timestamp="1 Mar 2020 08:16:44 GMT" time="50.961" errors="0">
  <testcase name="validLogin" time="0.14" classname="com.amazon.qa.testcases.userHomePageTest"/>
  <testcase name="select" time="0.766" classname="com.amazon.qa.testcases.userHomePageTest"/>
  <testcase name="imgDisplayed" time="6.31" classname="com.amazon.qa.testcases.userHomePageTest"/>
  <testcase name="SearchItems" time="7.119" classname="com.amazon.qa.testcases.userHomePageTest"/>
</testsuite> <!-- UserHomePAGETest -->
