<?xml version="1.0" encoding="UTF-8"?>
<testng-results skipped="0" failed="0" total="4" passed="4">
  <reporter-output>
  </reporter-output>
  <suite name="Suite" duration-ms="50961" started-at="2020-03-01T08:15:52Z" finished-at="2020-03-01T08:16:43Z">
    <groups>
    </groups>
    <test name="UserHomePAGETest" duration-ms="50961" started-at="2020-03-01T08:15:52Z" finished-at="2020-03-01T08:16:43Z">
      <class name="com.amazon.qa.testcases.userHomePageTest">
        <test-method status="PASS" signature="setUp()[pri:0, instance:com.amazon.qa.testcases.userHomePageTest@3a8624]" name="setUp" is-config="true" duration-ms="35262" started-at="2020-03-01T13:45:52Z" finished-at="2020-03-01T13:46:27Z">
          <reporter-output>
          </reporter-output>
        </test-method> <!-- setUp -->
        <test-method status="PASS" signature="validLogin()[pri:5, instance:com.amazon.qa.testcases.userHomePageTest@3a8624]" name="validLogin" duration-ms="140" started-at="2020-03-01T13:46:28Z" finished-at="2020-03-01T13:46:28Z">
          <reporter-output>
          </reporter-output>
        </test-method> <!-- validLogin -->
        <test-method status="PASS" signature="select()[pri:6, instance:com.amazon.qa.testcases.userHomePageTest@3a8624]" name="select" duration-ms="766" started-at="2020-03-01T13:46:28Z" finished-at="2020-03-01T13:46:28Z">
          <reporter-output>
          </reporter-output>
        </test-method> <!-- select -->
        <test-method status="PASS" signature="imgDisplayed()[pri:7, instance:com.amazon.qa.testcases.userHomePageTest@3a8624]" name="imgDisplayed" duration-ms="6310" started-at="2020-03-01T13:46:28Z" finished-at="2020-03-01T13:46:35Z">
          <reporter-output>
          </reporter-output>
        </test-method> <!-- imgDisplayed -->
        <test-method status="PASS" signature="SearchItems()[pri:8, instance:com.amazon.qa.testcases.userHomePageTest@3a8624]" name="SearchItems" duration-ms="7119" started-at="2020-03-01T13:46:35Z" finished-at="2020-03-01T13:46:42Z">
          <reporter-output>
          </reporter-output>
        </test-method> <!-- SearchItems -->
        <test-method status="PASS" signature="tearDown()[pri:0, instance:com.amazon.qa.testcases.userHomePageTest@3a8624]" name="tearDown" is-config="true" duration-ms="1258" started-at="2020-03-01T13:46:42Z" finished-at="2020-03-01T13:46:43Z">
          <reporter-output>
          </reporter-output>
        </test-method> <!-- tearDown -->
      </class> <!-- com.amazon.qa.testcases.userHomePageTest -->
    </test> <!-- UserHomePAGETest -->
  </suite> <!-- Suite -->
</testng-results>
